TN:
SF:src/presentation/domain/use-cases/create-table.use-case.ts
FN:11,CreateTable
FN:16,execute
FNF:2
FNH:2
FNDA:3,CreateTable
FNDA:3,execute
DA:1,1
DA:2,1
DA:3,1
DA:4,1
DA:5,1
DA:6,1
DA:7,1
DA:8,1
DA:9,1
DA:10,1
DA:11,1
DA:12,3
DA:13,3
DA:14,3
DA:15,1
DA:16,1
DA:17,3
DA:18,3
DA:19,3
DA:20,3
DA:21,3
DA:22,3
DA:23,18
DA:24,18
DA:25,18
DA:26,3
DA:27,3
DA:28,3
DA:29,1
LF:29
LH:29
BRDA:11,0,0,3
BRDA:16,1,0,3
BRDA:22,2,0,18
BRF:3
BRH:3
end_of_record
TN:
SF:src/presentation/domain/use-cases/save-file.use-case.ts
FN:14,SaveFile
FN:16,execute
FNF:2
FNH:2
FNDA:1,SaveFile
FNDA:1,execute
DA:1,1
DA:2,1
DA:3,1
DA:4,1
DA:5,1
DA:6,1
DA:7,1
DA:8,1
DA:9,1
DA:10,1
DA:11,1
DA:12,1
DA:13,1
DA:14,1
DA:15,1
DA:16,1
DA:17,1
DA:18,1
DA:19,1
DA:20,1
DA:21,1
DA:22,1
DA:23,1
DA:24,1
DA:25,1
DA:26,1
DA:27,1
DA:28,1
DA:29,0
DA:30,0
DA:31,0
DA:32,1
DA:33,1
DA:34,1
LF:34
LH:31
BRDA:14,0,0,1
BRDA:16,1,0,1
BRDA:28,2,0,0
BRF:3
BRH:2
end_of_record
